[0225/000457.783:ERROR:process_memory_win.cc(73)] ReadMemory at 0x15dd81d4800 of 72 bytes failed: Only part of a ReadProcessMemory or WriteProcessMemory request was completed. (0x12B)
[0225/000457.784:WARNING:pe_image_annotations_reader.cc(134)] could not read annotations list object in C:\Program Files (x86)\Google\Chrome\Application\80.0.3987.116\chrome_elf.dll
[0225/000457.784:ERROR:process_memory_win.cc(73)] ReadMemory at 0x15dd8570000 of 64 bytes failed: Only part of a ReadProcessMemory or WriteProcessMemory request was completed. (0x12B)
[0225/000457.784:WARNING:pe_image_reader.cc(340)] could not read dos header from C:\WINDOWS\System32\ADVAPI32.dll
[0225/000457.784:ERROR:process_memory_win.cc(73)] ReadMemory at 0x15dd8704760 of 72 bytes failed: Only part of a ReadProcessMemory or WriteProcessMemory request was completed. (0x12B)
[0225/000457.786:WARNING:pe_image_annotations_reader.cc(134)] could not read annotations list object in C:\Program Files (x86)\Google\Chrome\Application\80.0.3987.116\chrome.dll
[0225/000457.787:ERROR:process_memory_win.cc(73)] ReadMemory at 0x15dd81d4800 of 72 bytes failed: Only part of a ReadProcessMemory or WriteProcessMemory request was completed. (0x12B)
[0225/000457.787:WARNING:pe_image_annotations_reader.cc(134)] could not read annotations list object in C:\Program Files (x86)\Google\Chrome\Application\80.0.3987.116\chrome_elf.dll
[0225/000457.787:ERROR:process_memory_win.cc(73)] ReadMemory at 0x15dd8570000 of 64 bytes failed: Only part of a ReadProcessMemory or WriteProcessMemory request was completed. (0x12B)
[0225/000457.787:WARNING:pe_image_reader.cc(340)] could not read dos header from C:\WINDOWS\System32\ADVAPI32.dll
[0225/000457.787:ERROR:process_memory_win.cc(73)] ReadMemory at 0x15dd8704760 of 72 bytes failed: Only part of a ReadProcessMemory or WriteProcessMemory request was completed. (0x12B)
[0225/000457.787:WARNING:pe_image_annotations_reader.cc(134)] could not read annotations list object in C:\Program Files (x86)\Google\Chrome\Application\80.0.3987.116\chrome.dll
[0225/000458.135:ERROR:process_memory_win.cc(73)] ReadMemory at 0x2edf5fc000 of 16384 bytes failed: Only part of a ReadProcessMemory or WriteProcessMemory request was completed. (0x12B)
[0225/000458.135:ERROR:process_memory_win.cc(73)] ReadMemory at 0x2ede474000 of 852 bytes failed: Only part of a ReadProcessMemory or WriteProcessMemory request was completed. (0x12B)
[0225/000458.135:ERROR:process_memory_win.cc(73)] ReadMemory at 0x2ede477000 of 6024 bytes failed: Only part of a ReadProcessMemory or WriteProcessMemory request was completed. (0x12B)
[0225/000458.136:ERROR:process_memory_win.cc(73)] ReadMemory at 0x15dd7d80750 of 80 bytes failed: Only part of a ReadProcessMemory or WriteProcessMemory request was completed. (0x12B)
[0225/000458.136:ERROR:process_memory_win.cc(73)] ReadMemory at 0x15dd7d80fe0 of 49328 bytes failed: Only part of a ReadProcessMemory or WriteProcessMemory request was completed. (0x12B)
[0225/000458.136:ERROR:process_memory_win.cc(73)] ReadMemory at 0x15dd7d8d0a0 of 1012 bytes failed: Only part of a ReadProcessMemory or WriteProcessMemory request was completed. (0x12B)
[0225/000458.136:ERROR:process_memory_win.cc(73)] ReadMemory at 0x15dd7d8d6e8 of 118 bytes failed: Only part of a ReadProcessMemory or WriteProcessMemory request was completed. (0x12B)
[0225/000458.136:ERROR:process_memory_win.cc(73)] ReadMemory at 0x15dd7d8d760 of 316 bytes failed: Only part of a ReadProcessMemory or WriteProcessMemory request was completed. (0x12B)
[0225/000458.136:ERROR:process_memory_win.cc(73)] ReadMemory at 0x15dd7d8d89e of 118 bytes failed: Only part of a ReadProcessMemory or WriteProcessMemory request was completed. (0x12B)
[0225/000458.136:ERROR:process_memory_win.cc(73)] ReadMemory at 0x15dd7d8d916 of 102 bytes failed: Only part of a ReadProcessMemory or WriteProcessMemory request was completed. (0x12B)
[0225/000458.136:ERROR:process_memory_win.cc(73)] ReadMemory at 0x15dd7d8d990 of 58 bytes failed: Only part of a ReadProcessMemory or WriteProcessMemory request was completed. (0x12B)
[0225/000458.136:ERROR:process_memory_win.cc(73)] ReadMemory at 0x15dd7d8da90 of 132 bytes failed: Only part of a ReadProcessMemory or WriteProcessMemory request was completed. (0x12B)
[0225/000458.136:ERROR:process_memory_win.cc(73)] ReadMemory at 0x15dd7d8dc20 of 132 bytes failed: Only part of a ReadProcessMemory or WriteProcessMemory request was completed. (0x12B)
[0225/000458.136:ERROR:process_memory_win.cc(73)] ReadMemory at 0x15dd7d8dde0 of 126 bytes failed: Only part of a ReadProcessMemory or WriteProcessMemory request was completed. (0x12B)
[0225/000458.136:ERROR:process_memory_win.cc(73)] ReadMemory at 0x15dd7d8e1c0 of 132 bytes failed: Only part of a ReadProcessMemory or WriteProcessMemory request was completed. (0x12B)
[0225/000458.137:ERROR:process_memory_win.cc(73)] ReadMemory at 0x15dd7d8e350 of 64 bytes failed: Only part of a ReadProcessMemory or WriteProcessMemory request was completed. (0x12B)
[0225/000458.137:ERROR:process_memory_win.cc(73)] ReadMemory at 0x15dd7d8e510 of 132 bytes failed: Only part of a ReadProcessMemory or WriteProcessMemory request was completed. (0x12B)
[0225/000458.137:ERROR:process_memory_win.cc(73)] ReadMemory at 0x15dd7d8e7b0 of 132 bytes failed: Only part of a ReadProcessMemory or WriteProcessMemory request was completed. (0x12B)
[0225/000458.137:ERROR:process_memory_win.cc(73)] ReadMemory at 0x15dd7d8e940 of 68 bytes failed: Only part of a ReadProcessMemory or WriteProcessMemory request was completed. (0x12B)
[0225/000458.137:ERROR:process_memory_win.cc(73)] ReadMemory at 0x15dd7d8f930 of 132 bytes failed: Only part of a ReadProcessMemory or WriteProcessMemory request was completed. (0x12B)
[0225/000458.137:ERROR:process_memory_win.cc(73)] ReadMemory at 0x15dd7d8fac0 of 154 bytes failed: Only part of a ReadProcessMemory or WriteProcessMemory request was completed. (0x12B)
[0225/000458.137:ERROR:process_memory_win.cc(73)] ReadMemory at 0x15dd7d908d0 of 62 bytes failed: Only part of a ReadProcessMemory or WriteProcessMemory request was completed. (0x12B)
[0225/000458.137:ERROR:process_memory_win.cc(73)] ReadMemory at 0x15dd7d90a30 of 132 bytes failed: Only part of a ReadProcessMemory or WriteProcessMemory request was completed. (0x12B)
[0225/000458.137:ERROR:process_memory_win.cc(73)] ReadMemory at 0x15dd7d90bc0 of 60 bytes failed: Only part of a ReadProcessMemory or WriteProcessMemory request was completed. (0x12B)
[0225/000458.137:ERROR:process_memory_win.cc(73)] ReadMemory at 0x15dd7d911c0 of 132 bytes failed: Only part of a ReadProcessMemory or WriteProcessMemory request was completed. (0x12B)
[0225/000458.137:ERROR:process_memory_win.cc(73)] ReadMemory at 0x15dd7d92060 of 132 bytes failed: Only part of a ReadProcessMemory or WriteProcessMemory request was completed. (0x12B)
[0225/000458.137:ERROR:process_memory_win.cc(73)] ReadMemory at 0x15dd7d92c30 of 132 bytes failed: Only part of a ReadProcessMemory or WriteProcessMemory request was completed. (0x12B)
[0225/000458.137:ERROR:process_memory_win.cc(73)] ReadMemory at 0x15dd7d95280 of 132 bytes failed: Only part of a ReadProcessMemory or WriteProcessMemory request was completed. (0x12B)
[0225/000458.137:ERROR:process_memory_win.cc(73)] ReadMemory at 0x15dd7d954a0 of 132 bytes failed: Only part of a ReadProcessMemory or WriteProcessMemory request was completed. (0x12B)
[0225/000458.137:ERROR:process_memory_win.cc(73)] ReadMemory at 0x15dd7d95b30 of 80 bytes failed: Only part of a ReadProcessMemory or WriteProcessMemory request was completed. (0x12B)
[0225/000458.137:ERROR:process_memory_win.cc(73)] ReadMemory at 0x15dd7d95c50 of 76 bytes failed: Only part of a ReadProcessMemory or WriteProcessMemory request was completed. (0x12B)
[0225/000458.137:ERROR:process_memory_win.cc(73)] ReadMemory at 0x15dd7d98960 of 132 bytes failed: Only part of a ReadProcessMemory or WriteProcessMemory request was completed. (0x12B)
[0225/000458.137:ERROR:process_memory_win.cc(73)] ReadMemory at 0x15dd7d98bc0 of 132 bytes failed: Only part of a ReadProcessMemory or WriteProcessMemory request was completed. (0x12B)
[0225/000458.137:ERROR:process_memory_win.cc(73)] ReadMemory at 0x15dd7d98cf0 of 132 bytes failed: Only part of a ReadProcessMemory or WriteProcessMemory request was completed. (0x12B)
[0225/000458.137:ERROR:process_memory_win.cc(73)] ReadMemory at 0x15dd7d99080 of 132 bytes failed: Only part of a ReadProcessMemory or WriteProcessMemory request was completed. (0x12B)
[0225/000458.138:ERROR:process_memory_win.cc(73)] ReadMemory at 0x15dd7d991b0 of 132 bytes failed: Only part of a ReadProcessMemory or WriteProcessMemory request was completed. (0x12B)
[0225/000458.138:ERROR:process_memory_win.cc(73)] ReadMemory at 0x15dd7d997a0 of 132 bytes failed: Only part of a ReadProcessMemory or WriteProcessMemory request was completed. (0x12B)
[0225/000458.138:ERROR:process_memory_win.cc(73)] ReadMemory at 0x15dd7d998d0 of 132 bytes failed: Only part of a ReadProcessMemory or WriteProcessMemory request was completed. (0x12B)
[0225/000458.138:ERROR:process_memory_win.cc(73)] ReadMemory at 0x15dd7d9a250 of 132 bytes failed: Only part of a ReadProcessMemory or WriteProcessMemory request was completed. (0x12B)
[0225/000458.138:ERROR:process_memory_win.cc(73)] ReadMemory at 0x15dd7d9a380 of 132 bytes failed: Only part of a ReadProcessMemory or WriteProcessMemory request was completed. (0x12B)
[0225/000458.138:ERROR:process_memory_win.cc(73)] ReadMemory at 0x15dd7d9a710 of 132 bytes failed: Only part of a ReadProcessMemory or WriteProcessMemory request was completed. (0x12B)
[0225/000458.138:ERROR:process_memory_win.cc(73)] ReadMemory at 0x15dd7d9be90 of 62 bytes failed: Only part of a ReadProcessMemory or WriteProcessMemory request was completed. (0x12B)
[0225/000458.138:ERROR:process_memory_win.cc(73)] ReadMemory at 0x15dd7d9bee0 of 60 bytes failed: Only part of a ReadProcessMemory or WriteProcessMemory request was completed. (0x12B)
[0225/000458.138:ERROR:process_memory_win.cc(73)] ReadMemory at 0x15dd7d9bfd0 of 62 bytes failed: Only part of a ReadProcessMemory or WriteProcessMemory request was completed. (0x12B)
[0225/000458.138:ERROR:process_memory_win.cc(73)] ReadMemory at 0x15dd7d9c020 of 60 bytes failed: Only part of a ReadProcessMemory or WriteProcessMemory request was completed. (0x12B)
[0225/000458.138:ERROR:process_memory_win.cc(73)] ReadMemory at 0x15dd7d9c070 of 64 bytes failed: Only part of a ReadProcessMemory or WriteProcessMemory request was completed. (0x12B)
[0225/000458.138:ERROR:process_memory_win.cc(73)] ReadMemory at 0x15dd7d9c110 of 62 bytes failed: Only part of a ReadProcessMemory or WriteProcessMemory request was completed. (0x12B)
[0225/000458.138:ERROR:process_memory_win.cc(73)] ReadMemory at 0x15dd7d9c160 of 66 bytes failed: Only part of a ReadProcessMemory or WriteProcessMemory request was completed. (0x12B)
[0225/000458.138:ERROR:process_memory_win.cc(73)] ReadMemory at 0x15dd7d9c200 of 62 bytes failed: Only part of a ReadProcessMemory or WriteProcessMemory request was completed. (0x12B)
[0225/000458.138:ERROR:process_memory_win.cc(73)] ReadMemory at 0x15dd7d9c340 of 62 bytes failed: Only part of a ReadProcessMemory or WriteProcessMemory request was completed. (0x12B)
[0225/000458.138:ERROR:process_memory_win.cc(73)] ReadMemory at 0x15dd7d9c390 of 60 bytes failed: Only part of a ReadProcessMemory or WriteProcessMemory request was completed. (0x12B)
[0225/000458.138:ERROR:process_memory_win.cc(73)] ReadMemory at 0x15dd7d9c3e0 of 60 bytes failed: Only part of a ReadProcessMemory or WriteProcessMemory request was completed. (0x12B)
[0225/000458.138:ERROR:process_memory_win.cc(73)] ReadMemory at 0x15dd7d9c480 of 64 bytes failed: Only part of a ReadProcessMemory or WriteProcessMemory request was completed. (0x12B)
[0225/000458.138:ERROR:process_memory_win.cc(73)] ReadMemory at 0x15dd7d9c4d0 of 64 bytes failed: Only part of a ReadProcessMemory or WriteProcessMemory request was completed. (0x12B)
[0225/000458.138:ERROR:process_memory_win.cc(73)] ReadMemory at 0x15dd7d9c610 of 58 bytes failed: Only part of a ReadProcessMemory or WriteProcessMemory request was completed. (0x12B)
[0225/000458.138:ERROR:process_memory_win.cc(73)] ReadMemory at 0x15dd7d9c6b0 of 64 bytes failed: Only part of a ReadProcessMemory or WriteProcessMemory request was completed. (0x12B)
[0225/000458.139:ERROR:process_memory_win.cc(73)] ReadMemory at 0x15dd7d9c700 of 62 bytes failed: Only part of a ReadProcessMemory or WriteProcessMemory request was completed. (0x12B)
[0225/000458.139:ERROR:process_memory_win.cc(73)] ReadMemory at 0x15dd7d9c7a0 of 64 bytes failed: Only part of a ReadProcessMemory or WriteProcessMemory request was completed. (0x12B)
[0225/000458.139:ERROR:process_memory_win.cc(73)] ReadMemory at 0x15dd7d9c890 of 62 bytes failed: Only part of a ReadProcessMemory or WriteProcessMemory request was completed. (0x12B)
[0225/000458.139:ERROR:process_memory_win.cc(73)] ReadMemory at 0x15dd7d9c8e0 of 66 bytes failed: Only part of a ReadProcessMemory or WriteProcessMemory request was completed. (0x12B)
[0225/000458.139:ERROR:process_memory_win.cc(73)] ReadMemory at 0x15dd7d9c930 of 64 bytes failed: Only part of a ReadProcessMemory or WriteProcessMemory request was completed. (0x12B)
[0225/000458.139:ERROR:process_memory_win.cc(73)] ReadMemory at 0x15dd7d9c980 of 62 bytes failed: Only part of a ReadProcessMemory or WriteProcessMemory request was completed. (0x12B)
[0225/000458.139:ERROR:process_memory_win.cc(73)] ReadMemory at 0x15dd7d9ca70 of 64 bytes failed: Only part of a ReadProcessMemory or WriteProcessMemory request was completed. (0x12B)
[0225/000458.139:ERROR:process_memory_win.cc(73)] ReadMemory at 0x15dd7d9cb60 of 62 bytes failed: Only part of a ReadProcessMemory or WriteProcessMemory request was completed. (0x12B)
[0225/000458.139:ERROR:process_memory_win.cc(73)] ReadMemory at 0x15dd7d9cc00 of 60 bytes failed: Only part of a ReadProcessMemory or WriteProcessMemory request was completed. (0x12B)
[0225/000458.139:ERROR:process_memory_win.cc(73)] ReadMemory at 0x15dd7d9cc50 of 62 bytes failed: Only part of a ReadProcessMemory or WriteProcessMemory request was completed. (0x12B)
[0225/000458.139:ERROR:process_memory_win.cc(73)] ReadMemory at 0x15dd7d9cca0 of 60 bytes failed: Only part of a ReadProcessMemory or WriteProcessMemory request was completed. (0x12B)
[0225/000458.139:ERROR:process_memory_win.cc(73)] ReadMemory at 0x15dd7d9cd40 of 64 bytes failed: Only part of a ReadProcessMemory or WriteProcessMemory request was completed. (0x12B)
[0225/000458.139:ERROR:process_memory_win.cc(73)] ReadMemory at 0x15dd7d9ce00 of 132 bytes failed: Only part of a ReadProcessMemory or WriteProcessMemory request was completed. (0x12B)
[0225/000458.139:ERROR:process_memory_win.cc(73)] ReadMemory at 0x15dd7d9d940 of 132 bytes failed: Only part of a ReadProcessMemory or WriteProcessMemory request was completed. (0x12B)
[0225/000458.139:ERROR:process_memory_win.cc(73)] ReadMemory at 0x15dd7d9da70 of 146 bytes failed: Only part of a ReadProcessMemory or WriteProcessMemory request was completed. (0x12B)
[0225/000458.139:ERROR:process_memory_win.cc(73)] ReadMemory at 0x15dd7d9ecd0 of 132 bytes failed: Only part of a ReadProcessMemory or WriteProcessMemory request was completed. (0x12B)
[0225/000458.139:ERROR:process_memory_win.cc(73)] ReadMemory at 0x15dd7d9ee00 of 132 bytes failed: Only part of a ReadProcessMemory or WriteProcessMemory request was completed. (0x12B)
[0225/000458.139:ERROR:process_memory_win.cc(73)] ReadMemory at 0x15dd7d9ef30 of 132 bytes failed: Only part of a ReadProcessMemory or WriteProcessMemory request was completed. (0x12B)
[0225/000458.139:ERROR:process_memory_win.cc(73)] ReadMemory at 0x15dd7d9f060 of 132 bytes failed: Only part of a ReadProcessMemory or WriteProcessMemory request was completed. (0x12B)
[0225/000458.139:ERROR:process_memory_win.cc(73)] ReadMemory at 0x15dd7d9f190 of 132 bytes failed: Only part of a ReadProcessMemory or WriteProcessMemory request was completed. (0x12B)
[0225/000458.139:ERROR:process_memory_win.cc(73)] ReadMemory at 0x15dd7d9f2c0 of 132 bytes failed: Only part of a ReadProcessMemory or WriteProcessMemory request was completed. (0x12B)
[0225/000458.139:ERROR:process_memory_win.cc(73)] ReadMemory at 0x15dd7d9f3f0 of 132 bytes failed: Only part of a ReadProcessMemory or WriteProcessMemory request was completed. (0x12B)
[0225/000458.139:ERROR:process_memory_win.cc(73)] ReadMemory at 0x15dd7d9f520 of 132 bytes failed: Only part of a ReadProcessMemory or WriteProcessMemory request was completed. (0x12B)
[0225/000458.139:ERROR:process_memory_win.cc(73)] ReadMemory at 0x15dd7d9f650 of 132 bytes failed: Only part of a ReadProcessMemory or WriteProcessMemory request was completed. (0x12B)
[0225/000458.140:ERROR:process_memory_win.cc(73)] ReadMemory at 0x15dd7d9f780 of 132 bytes failed: Only part of a ReadProcessMemory or WriteProcessMemory request was completed. (0x12B)
[0225/000458.140:ERROR:process_memory_win.cc(73)] ReadMemory at 0x15dd7d9f8b0 of 132 bytes failed: Only part of a ReadProcessMemory or WriteProcessMemory request was completed. (0x12B)
[0225/000458.140:ERROR:process_memory_win.cc(73)] ReadMemory at 0x15dd7d9f9e0 of 132 bytes failed: Only part of a ReadProcessMemory or WriteProcessMemory request was completed. (0x12B)
[0225/000458.140:ERROR:process_memory_win.cc(73)] ReadMemory at 0x15dd7da0cb0 of 132 bytes failed: Only part of a ReadProcessMemory or WriteProcessMemory request was completed. (0x12B)
[0225/000458.140:ERROR:process_memory_win.cc(73)] ReadMemory at 0x15dd7da2de0 of 132 bytes failed: Only part of a ReadProcessMemory or WriteProcessMemory request was completed. (0x12B)
[0225/000458.140:ERROR:process_memory_win.cc(73)] ReadMemory at 0x15dd7dac5a0 of 54 bytes failed: Only part of a ReadProcessMemory or WriteProcessMemory request was completed. (0x12B)
[0225/000458.140:ERROR:process_memory_win.cc(73)] ReadMemory at 0x15dd7dacca0 of 132 bytes failed: Only part of a ReadProcessMemory or WriteProcessMemory request was completed. (0x12B)
[0225/000458.140:ERROR:process_memory_win.cc(73)] ReadMemory at 0x15dd872af70 of 512 bytes failed: Only part of a ReadProcessMemory or WriteProcessMemory request was completed. (0x12B)
[0225/000458.146:ERROR:scoped_process_suspend.cc(40)] NtResumeProcess: An attempt was made to access an exiting process. (0xc000010a)
